<?xml version="1.0" encoding="UTF-8"?>
<!-- Generated by org.testng.reporters.JUnitReportReporter -->
<testsuite hostname="Priyankas-MacBook-Pro.local" failures="0" tests="1" name="testcases.BankManagerLoginTest" time="0.385" errors="0" timestamp="01 Sep. 2024 11:38:22 GMT" skipped="0">
  <testcase classname="testcases.BankManagerLoginTest" name="loginAsBankManager" time="0.385"/>
</testsuite> <!-- testcases.BankManagerLoginTest -->
