<?xml version="1.0" encoding="UTF-8"?>
<!-- Generated by org.testng.reporters.JUnitReportReporter -->
<testsuite hostname="Priyankas-MacBook-Pro.local" failures="0" tests="4" name="testcases.CarNameAndPriceTest" time="35.180" errors="0" timestamp="01 Sep. 2024 12:07:06 GMT" skipped="0">
  <testcase classname="testcases.CarNameAndPriceTest" name="carNameAndPriceTest" time="6.858"/>
  <testcase classname="testcases.CarNameAndPriceTest" name="carNameAndPriceTest" time="13.805"/>
  <testcase classname="testcases.CarNameAndPriceTest" name="carNameAndPriceTest" time="6.914"/>
  <testcase classname="testcases.CarNameAndPriceTest" name="carNameAndPriceTest" time="7.603"/>
</testsuite> <!-- testcases.CarNameAndPriceTest -->
