<?xml version="1.0" encoding="UTF-8"?>
<!-- Generated by org.testng.reporters.JUnitReportReporter -->
<testsuite hostname="LAPTOP-TUN1U03P" failures="0" tests="3" name="testcases.AddCustomerTest" time="13.502" errors="0" timestamp="09 Jun 2024 14:47:29 GMT" skipped="0">
  <testcase classname="testcases.AddCustomerTest" name="addCustomer" time="4.378"/>
  <testcase classname="testcases.AddCustomerTest" name="addCustomer" time="4.570"/>
  <testcase classname="testcases.AddCustomerTest" name="addCustomer" time="4.554"/>
</testsuite> <!-- testcases.AddCustomerTest -->
