<?xml version="1.0" encoding="UTF-8"?>
<!-- Generated by org.testng.reporters.JUnitReportReporter -->
<testsuite hostname="LAPTOP-TUN1U03P" failures="0" tests="1" name="testcases.BankManagerLoginTest" time="0.383" errors="0" timestamp="09 Jun 2024 14:47:29 GMT" skipped="0">
  <testcase classname="testcases.BankManagerLoginTest" name="loginAsBankManager" time="0.383"/>
</testsuite> <!-- testcases.BankManagerLoginTest -->
