<?xml version="1.0" encoding="UTF-8"?>
<!-- Generated by org.testng.reporters.JUnitReportReporter -->
<testsuite hostname="LAPTOP-TUN1U03P" failures="0" tests="2" name="testnglearning.TestCase1" time="0.013" errors="0" timestamp="25 May 2024 16:15:14 GMT" skipped="0">
  <testcase classname="testnglearning.TestCase1" name="doUserReg" time="0.011"/>
  <testcase classname="testnglearning.TestCase1" name="doLogin" time="0.002"/>
</testsuite> <!-- testnglearning.TestCase1 -->
