<?xml version="1.0" encoding="UTF-8"?>
<!-- Generated by org.testng.reporters.JUnitReportReporter -->
<testsuite hostname="LAPTOP-TUN1U03P" failures="0" tests="4" name="testnglearning.TestParameterization" time="20.952" errors="0" timestamp="26 May 2024 15:51:03 GMT" skipped="0">
  <testcase classname="testnglearning.TestParameterization" name="doLogin" time="5.021"/>
  <testcase classname="testnglearning.TestParameterization" name="doLogin" time="5.547"/>
  <testcase classname="testnglearning.TestParameterization" name="doLogin" time="5.204"/>
  <testcase classname="testnglearning.TestParameterization" name="doLogin" time="5.180"/>
</testsuite> <!-- testnglearning.TestParameterization -->
