<?xml version="1.0" encoding="UTF-8"?>
<!-- Generated by org.testng.reporters.JUnitReportReporter -->
<testsuite hostname="LAPTOP-TUN1U03P" failures="0" tests="1" name="testnglearning.TestParameterzXML" time="26.410" errors="0" timestamp="15 Jun 2024 16:03:30 GMT" skipped="0">
  <testcase classname="testnglearning.TestParameterzXML" name="browserTest" time="26.410"/>
</testsuite> <!-- testnglearning.TestParameterzXML -->
